This file contains any messages produced by compilers while
running configure, to aid debugging if configure makes a mistake.

It was created by configure, which was
generated by GNU Autoconf 2.65.  Invocation command line was

  $ ./configure CPPFLAGS=-std=c++11

## --------- ##
## Platform. ##
## --------- ##

hostname = casa
uname -m = x86_64
uname -r = 5.15.133.1-microsoft-standard-WSL2
uname -s = Linux
uname -v = #1 SMP Thu Oct 5 21:02:42 UTC 2023

/usr/bin/uname -p = x86_64
/bin/uname -X     = unknown

/bin/arch              = x86_64
/usr/bin/arch -k       = unknown
/usr/convex/getsysinfo = unknown
/usr/bin/hostinfo      = unknown
/bin/machine           = unknown
/usr/bin/oslevel       = unknown
/bin/universe          = unknown

PATH: /usr/local/sbin
PATH: /usr/local/bin
PATH: /usr/sbin
PATH: /usr/bin
PATH: /sbin
PATH: /bin
PATH: /usr/games
PATH: /usr/local/games
PATH: /usr/lib/wsl/lib
PATH: /mnt/c/Program Files (x86)/Razer/ChromaBroadcast/bin
PATH: /mnt/c/Program Files/Razer/ChromaBroadcast/bin
PATH: /mnt/c/WINDOWS/system32
PATH: /mnt/c/WINDOWS
PATH: /mnt/c/WINDOWS/System32/Wbem
PATH: /mnt/c/WINDOWS/System32/WindowsPowerShell/v1.0/
PATH: /mnt/c/WINDOWS/System32/OpenSSH/
PATH: /mnt/c/WINDOWS/system32/config/systemprofile/AppData/Local/Microsoft/WindowsApps
PATH: /mnt/c/Program Files/NVIDIA Corporation/NVIDIA NvDLISR
PATH: /mnt/c/Program Files (x86)/NVIDIA Corporation/PhysX/Common
PATH: /mnt/c/Program Files/nodejs/
PATH: /mnt/c/Program Files/Docker/Docker/resources/bin
PATH: /mnt/c/Users/Zehel/AppData/Local/Microsoft/WindowsApps
PATH: /mnt/c/Users/Zehel/AppData/Local/Programs/Microsoft VS Code/bin
PATH: /mnt/c/Users/Zehel/AppData/Roaming/npm
PATH: /mnt/c/MinGW/bin
PATH: /snap/bin


## ----------- ##
## Core tests. ##
## ----------- ##

configure:2382: checking for a BSD-compatible install
configure:2450: result: /usr/bin/install -c
configure:2461: checking whether build environment is sane
configure:2511: result: yes
configure:2652: checking for a thread-safe mkdir -p
configure:2691: result: /usr/bin/mkdir -p
configure:2704: checking for gawk
configure:2720: found /usr/bin/gawk
configure:2731: result: gawk
configure:2742: checking whether make sets $(MAKE)
configure:2764: result: yes
configure:2937: checking for g++
configure:2953: found /usr/bin/g++
configure:2964: result: g++
configure:2991: checking for C++ compiler version
configure:3000: g++ --version >&5
g++ (Ubuntu 9.4.0-1ubuntu1~20.04.2) 9.4.0
Copyright (C) 2019 Free Software Foundation, Inc.
This is free software; see the source for copying conditions.  There is NO
warranty; not even for MERCHANTABILITY or FITNESS FOR A PARTICULAR PURPOSE.

configure:3011: $? = 0
configure:3000: g++ -v >&5
Using built-in specs.
COLLECT_GCC=g++
COLLECT_LTO_WRAPPER=/usr/lib/gcc/x86_64-linux-gnu/9/lto-wrapper
OFFLOAD_TARGET_NAMES=nvptx-none:hsa
OFFLOAD_TARGET_DEFAULT=1
Target: x86_64-linux-gnu
Configured with: ../src/configure -v --with-pkgversion='Ubuntu 9.4.0-1ubuntu1~20.04.2' --with-bugurl=file:///usr/share/doc/gcc-9/README.Bugs --enable-languages=c,ada,c++,go,brig,d,fortran,objc,obj-c++,gm2 --prefix=/usr --with-gcc-major-version-only --program-suffix=-9 --program-prefix=x86_64-linux-gnu- --enable-shared --enable-linker-build-id --libexecdir=/usr/lib --without-included-gettext --enable-threads=posix --libdir=/usr/lib --enable-nls --enable-clocale=gnu --enable-libstdcxx-debug --enable-libstdcxx-time=yes --with-default-libstdcxx-abi=new --enable-gnu-unique-object --disable-vtable-verify --enable-plugin --enable-default-pie --with-system-zlib --with-target-system-zlib=auto --enable-objc-gc=auto --enable-multiarch --disable-werror --with-arch-32=i686 --with-abi=m64 --with-multilib-list=m32,m64,mx32 --enable-multilib --with-tune=generic --enable-offload-targets=nvptx-none=/build/gcc-9-9QDOt0/gcc-9-9.4.0/debian/tmp-nvptx/usr,hsa --without-cuda-driver --enable-checking=release --build=x86_64-linux-gnu --host=x86_64-linux-gnu --target=x86_64-linux-gnu
Thread model: posix
gcc version 9.4.0 (Ubuntu 9.4.0-1ubuntu1~20.04.2) 
configure:3011: $? = 0
configure:3000: g++ -V >&5
g++: error: unrecognized command line option '-V'
g++: fatal error: no input files
compilation terminated.
configure:3011: $? = 1
configure:3000: g++ -qversion >&5
g++: error: unrecognized command line option '-qversion'; did you mean '--version'?
g++: fatal error: no input files
compilation terminated.
configure:3011: $? = 1
configure:3031: checking whether the C++ compiler works
configure:3053: g++  -std=c++11  conftest.cpp  >&5
configure:3057: $? = 0
configure:3106: result: yes
configure:3109: checking for C++ compiler default output file name
configure:3111: result: a.out
configure:3117: checking for suffix of executables
configure:3124: g++ -o conftest  -std=c++11  conftest.cpp  >&5
configure:3128: $? = 0
configure:3150: result: 
configure:3172: checking whether we are cross compiling
configure:3180: g++ -o conftest  -std=c++11  conftest.cpp  >&5
configure:3184: $? = 0
configure:3191: ./conftest
configure:3195: $? = 0
configure:3183: result: no
configure:3188: checking for suffix of object files
configure:3210: g++ -c  -std=c++11 conftest.cpp >&5
configure:3214: $? = 0
configure:3235: result: o
configure:3239: checking whether we are using the GNU C++ compiler
configure:3258: g++ -c  -std=c++11 conftest.cpp >&5
configure:3258: $? = 0
configure:3267: result: yes
configure:3276: checking whether g++ accepts -g
configure:3296: g++ -c -g -std=c++11 conftest.cpp >&5
configure:3296: $? = 0
configure:3337: result: yes
configure:3371: checking for style of include used by make
configure:3399: result: GNU
configure:3424: checking dependency style of g++
configure:3534: result: gcc3
configure:3597: checking for gcc
configure:3613: found /usr/bin/gcc
configure:3624: result: gcc
configure:3853: checking for C compiler version
configure:3862: gcc --version >&5
gcc (Ubuntu 9.4.0-1ubuntu1~20.04.2) 9.4.0
Copyright (C) 2019 Free Software Foundation, Inc.
This is free software; see the source for copying conditions.  There is NO
warranty; not even for MERCHANTABILITY or FITNESS FOR A PARTICULAR PURPOSE.

configure:3873: $? = 0
configure:3862: gcc -v >&5
Using built-in specs.
COLLECT_GCC=gcc
COLLECT_LTO_WRAPPER=/usr/lib/gcc/x86_64-linux-gnu/9/lto-wrapper
OFFLOAD_TARGET_NAMES=nvptx-none:hsa
OFFLOAD_TARGET_DEFAULT=1
Target: x86_64-linux-gnu
Configured with: ../src/configure -v --with-pkgversion='Ubuntu 9.4.0-1ubuntu1~20.04.2' --with-bugurl=file:///usr/share/doc/gcc-9/README.Bugs --enable-languages=c,ada,c++,go,brig,d,fortran,objc,obj-c++,gm2 --prefix=/usr --with-gcc-major-version-only --program-suffix=-9 --program-prefix=x86_64-linux-gnu- --enable-shared --enable-linker-build-id --libexecdir=/usr/lib --without-included-gettext --enable-threads=posix --libdir=/usr/lib --enable-nls --enable-clocale=gnu --enable-libstdcxx-debug --enable-libstdcxx-time=yes --with-default-libstdcxx-abi=new --enable-gnu-unique-object --disable-vtable-verify --enable-plugin --enable-default-pie --with-system-zlib --with-target-system-zlib=auto --enable-objc-gc=auto --enable-multiarch --disable-werror --with-arch-32=i686 --with-abi=m64 --with-multilib-list=m32,m64,mx32 --enable-multilib --with-tune=generic --enable-offload-targets=nvptx-none=/build/gcc-9-9QDOt0/gcc-9-9.4.0/debian/tmp-nvptx/usr,hsa --without-cuda-driver --enable-checking=release --build=x86_64-linux-gnu --host=x86_64-linux-gnu --target=x86_64-linux-gnu
Thread model: posix
gcc version 9.4.0 (Ubuntu 9.4.0-1ubuntu1~20.04.2) 
configure:3873: $? = 0
configure:3862: gcc -V >&5
gcc: error: unrecognized command line option '-V'
gcc: fatal error: no input files
compilation terminated.
configure:3873: $? = 1
configure:3862: gcc -qversion >&5
gcc: error: unrecognized command line option '-qversion'; did you mean '--version'?
gcc: fatal error: no input files
compilation terminated.
configure:3873: $? = 1
configure:3877: checking whether we are using the GNU C compiler
configure:3896: gcc -c  -std=c++11 conftest.c >&5
cc1: warning: command line option '-std=c++11' is valid for C++/ObjC++ but not for C
configure:3896: $? = 0
configure:3905: result: yes
configure:3914: checking whether gcc accepts -g
configure:3934: gcc -c -g -std=c++11 conftest.c >&5
cc1: warning: command line option '-std=c++11' is valid for C++/ObjC++ but not for C
configure:3934: $? = 0
configure: failed program was:
| /* confdefs.h */
| #define PACKAGE_NAME ""
| #define PACKAGE_TARNAME ""
| #define PACKAGE_VERSION ""
| #define PACKAGE_STRING ""
| #define PACKAGE_BUGREPORT ""
| #define PACKAGE_URL ""
| #define PACKAGE "libcppsim"
| #define VERSION "0.2.5"
| /* end confdefs.h.  */
| 
| int
| main ()
| {
| 
|   ;
|   return 0;
| }
configure:3949: gcc -c  -std=c++11 conftest.c >&5
cc1: warning: command line option '-std=c++11' is valid for C++/ObjC++ but not for C
configure:3949: $? = 0
configure: failed program was:
| /* confdefs.h */
| #define PACKAGE_NAME ""
| #define PACKAGE_TARNAME ""
| #define PACKAGE_VERSION ""
| #define PACKAGE_STRING ""
| #define PACKAGE_BUGREPORT ""
| #define PACKAGE_URL ""
| #define PACKAGE "libcppsim"
| #define VERSION "0.2.5"
| /* end confdefs.h.  */
| 
| int
| main ()
| {
| 
|   ;
|   return 0;
| }
configure:3965: gcc -c -g -std=c++11 conftest.c >&5
cc1: warning: command line option '-std=c++11' is valid for C++/ObjC++ but not for C
configure:3965: $? = 0
configure:3975: result: yes
configure:3992: checking for gcc option to accept ISO C89
configure:4056: gcc  -c -g -O2 -std=c++11 conftest.c >&5
cc1: warning: command line option '-std=c++11' is valid for C++/ObjC++ but not for C
configure:4056: $? = 0
configure:4069: result: none needed
configure:4091: checking dependency style of gcc
configure:4201: result: gcc3
configure:4260: checking for ranlib
configure:4276: found /usr/bin/ranlib
configure:4287: result: ranlib
configure:4317: checking how to run the C preprocessor
configure:4348: gcc -E -std=c++11 conftest.c
cc1: warning: command line option '-std=c++11' is valid for C++/ObjC++ but not for C
configure:4348: $? = 0
configure:4362: gcc -E -std=c++11 conftest.c
cc1: warning: command line option '-std=c++11' is valid for C++/ObjC++ but not for C
conftest.c:11:10: fatal error: ac_nonexistent.h: No such file or directory
   11 | #include <ac_nonexistent.h>
      |          ^~~~~~~~~~~~~~~~~~
compilation terminated.
configure:4362: $? = 1
configure: failed program was:
| /* confdefs.h */
| #define PACKAGE_NAME ""
| #define PACKAGE_TARNAME ""
| #define PACKAGE_VERSION ""
| #define PACKAGE_STRING ""
| #define PACKAGE_BUGREPORT ""
| #define PACKAGE_URL ""
| #define PACKAGE "libcppsim"
| #define VERSION "0.2.5"
| /* end confdefs.h.  */
| #include <ac_nonexistent.h>
configure:4387: result: gcc -E
configure:4407: gcc -E -std=c++11 conftest.c
cc1: warning: command line option '-std=c++11' is valid for C++/ObjC++ but not for C
configure:4407: $? = 0
configure:4421: gcc -E -std=c++11 conftest.c
cc1: warning: command line option '-std=c++11' is valid for C++/ObjC++ but not for C
conftest.c:11:10: fatal error: ac_nonexistent.h: No such file or directory
   11 | #include <ac_nonexistent.h>
      |          ^~~~~~~~~~~~~~~~~~
compilation terminated.
configure:4421: $? = 1
configure: failed program was:
| /* confdefs.h */
| #define PACKAGE_NAME ""
| #define PACKAGE_TARNAME ""
| #define PACKAGE_VERSION ""
| #define PACKAGE_STRING ""
| #define PACKAGE_BUGREPORT ""
| #define PACKAGE_URL ""
| #define PACKAGE "libcppsim"
| #define VERSION "0.2.5"
| /* end confdefs.h.  */
| #include <ac_nonexistent.h>
configure:4450: checking for grep that handles long lines and -e
configure:4508: result: /usr/bin/grep
configure:4513: checking for egrep
configure:4575: result: /usr/bin/grep -E
configure:4580: checking for ANSI C header files
configure:4600: gcc -c -g -O2 -std=c++11 conftest.c >&5
cc1: warning: command line option '-std=c++11' is valid for C++/ObjC++ but not for C
configure:4600: $? = 0
cc1: warning: command line option '-std=c++11' is valid for C++/ObjC++ but not for C
cc1: warning: command line option '-std=c++11' is valid for C++/ObjC++ but not for C
configure:4673: gcc -o conftest -g -O2 -std=c++11  conftest.c  >&5
cc1: warning: command line option '-std=c++11' is valid for C++/ObjC++ but not for C
configure:4673: $? = 0
configure:4673: ./conftest
configure:4673: $? = 0
configure:4684: result: yes
configure:4697: checking for sys/types.h
configure:4697: gcc -c -g -O2 -std=c++11 conftest.c >&5
cc1: warning: command line option '-std=c++11' is valid for C++/ObjC++ but not for C
configure:4697: $? = 0
configure:4697: result: yes
configure:4697: checking for sys/stat.h
configure:4697: gcc -c -g -O2 -std=c++11 conftest.c >&5
cc1: warning: command line option '-std=c++11' is valid for C++/ObjC++ but not for C
configure:4697: $? = 0
configure:4697: result: yes
configure:4697: checking for stdlib.h
configure:4697: gcc -c -g -O2 -std=c++11 conftest.c >&5
cc1: warning: command line option '-std=c++11' is valid for C++/ObjC++ but not for C
configure:4697: $? = 0
configure:4697: result: yes
configure:4697: checking for string.h
configure:4697: gcc -c -g -O2 -std=c++11 conftest.c >&5
cc1: warning: command line option '-std=c++11' is valid for C++/ObjC++ but not for C
configure:4697: $? = 0
configure:4697: result: yes
configure:4697: checking for memory.h
configure:4697: gcc -c -g -O2 -std=c++11 conftest.c >&5
cc1: warning: command line option '-std=c++11' is valid for C++/ObjC++ but not for C
configure:4697: $? = 0
configure:4697: result: yes
configure:4697: checking for strings.h
configure:4697: gcc -c -g -O2 -std=c++11 conftest.c >&5
cc1: warning: command line option '-std=c++11' is valid for C++/ObjC++ but not for C
configure:4697: $? = 0
configure:4697: result: yes
configure:4697: checking for inttypes.h
configure:4697: gcc -c -g -O2 -std=c++11 conftest.c >&5
cc1: warning: command line option '-std=c++11' is valid for C++/ObjC++ but not for C
configure:4697: $? = 0
configure:4697: result: yes
configure:4697: checking for stdint.h
configure:4697: gcc -c -g -O2 -std=c++11 conftest.c >&5
cc1: warning: command line option '-std=c++11' is valid for C++/ObjC++ but not for C
configure:4697: $? = 0
configure:4697: result: yes
configure:4697: checking for unistd.h
configure:4697: gcc -c -g -O2 -std=c++11 conftest.c >&5
cc1: warning: command line option '-std=c++11' is valid for C++/ObjC++ but not for C
configure:4697: $? = 0
configure:4697: result: yes
configure:4713: checking for unistd.h
configure:4713: result: yes
configure:4713: checking assert.h usability
configure:4713: gcc -c -g -O2 -std=c++11 conftest.c >&5
cc1: warning: command line option '-std=c++11' is valid for C++/ObjC++ but not for C
configure:4713: $? = 0
configure:4713: result: yes
configure:4713: checking assert.h presence
configure:4713: gcc -E -std=c++11 conftest.c
cc1: warning: command line option '-std=c++11' is valid for C++/ObjC++ but not for C
configure:4713: $? = 0
configure:4713: result: yes
configure:4713: checking for assert.h
configure:4713: result: yes
configure:4731: checking for an ANSI C-conforming const
configure:4796: gcc -c -g -O2 -std=c++11 conftest.c >&5
cc1: warning: command line option '-std=c++11' is valid for C++/ObjC++ but not for C
configure:4796: $? = 0
configure:4803: result: yes
configure:4811: checking for inline
configure:4827: gcc -c -g -O2 -std=c++11 conftest.c >&5
cc1: warning: command line option '-std=c++11' is valid for C++/ObjC++ but not for C
configure:4827: $? = 0
configure:4835: result: inline
configure:4853: checking for size_t
configure:4853: gcc -c -g -O2 -std=c++11 conftest.c >&5
cc1: warning: command line option '-std=c++11' is valid for C++/ObjC++ but not for C
configure:4853: $? = 0
configure:4853: gcc -c -g -O2 -std=c++11 conftest.c >&5
cc1: warning: command line option '-std=c++11' is valid for C++/ObjC++ but not for C
conftest.c: In function 'main':
conftest.c:59:21: error: expected expression before ')' token
   59 | if (sizeof ((size_t)))
      |                     ^
configure:4853: $? = 1
configure: failed program was:
| /* confdefs.h */
| #define PACKAGE_NAME ""
| #define PACKAGE_TARNAME ""
| #define PACKAGE_VERSION ""
| #define PACKAGE_STRING ""
| #define PACKAGE_BUGREPORT ""
| #define PACKAGE_URL ""
| #define PACKAGE "libcppsim"
| #define VERSION "0.2.5"
| #define STDC_HEADERS 1
| #define HAVE_SYS_TYPES_H 1
| #define HAVE_SYS_STAT_H 1
| #define HAVE_STDLIB_H 1
| #define HAVE_STRING_H 1
| #define HAVE_MEMORY_H 1
| #define HAVE_STRINGS_H 1
| #define HAVE_INTTYPES_H 1
| #define HAVE_STDINT_H 1
| #define HAVE_UNISTD_H 1
| #define HAVE_UNISTD_H 1
| #define HAVE_ASSERT_H 1
| /* end confdefs.h.  */
| #include <stdio.h>
| #ifdef HAVE_SYS_TYPES_H
| # include <sys/types.h>
| #endif
| #ifdef HAVE_SYS_STAT_H
| # include <sys/stat.h>
| #endif
| #ifdef STDC_HEADERS
| # include <stdlib.h>
| # include <stddef.h>
| #else
| # ifdef HAVE_STDLIB_H
| #  include <stdlib.h>
| # endif
| #endif
| #ifdef HAVE_STRING_H
| # if !defined STDC_HEADERS && defined HAVE_MEMORY_H
| #  include <memory.h>
| # endif
| # include <string.h>
| #endif
| #ifdef HAVE_STRINGS_H
| # include <strings.h>
| #endif
| #ifdef HAVE_INTTYPES_H
| # include <inttypes.h>
| #endif
| #ifdef HAVE_STDINT_H
| # include <stdint.h>
| #endif
| #ifdef HAVE_UNISTD_H
| # include <unistd.h>
| #endif
| int
| main ()
| {
| if (sizeof ((size_t)))
| 	    return 0;
|   ;
|   return 0;
| }
configure:4853: result: yes
configure:4871: checking for swapcontext
configure:4871: gcc -o conftest -g -O2 -std=c++11  conftest.c  >&5
cc1: warning: command line option '-std=c++11' is valid for C++/ObjC++ but not for C
configure:4871: $? = 0
configure:4871: result: yes
configure:4871: checking for setcontext
configure:4871: gcc -o conftest -g -O2 -std=c++11  conftest.c  >&5
cc1: warning: command line option '-std=c++11' is valid for C++/ObjC++ but not for C
configure:4871: $? = 0
configure:4871: result: yes
configure:4871: checking for makecontext
configure:4871: gcc -o conftest -g -O2 -std=c++11  conftest.c  >&5
cc1: warning: command line option '-std=c++11' is valid for C++/ObjC++ but not for C
configure:4871: $? = 0
configure:4871: result: yes
configure:4907: checking which context handling method to use
configure:4909: result: mcsc
configure:4929: checking how to run the C++ preprocessor
configure:4956: g++ -E -std=c++11 conftest.cpp
configure:4956: $? = 0
configure:4970: g++ -E -std=c++11 conftest.cpp
conftest.cpp:27:10: fatal error: ac_nonexistent.h: No such file or directory
   27 | #include <ac_nonexistent.h>
      |          ^~~~~~~~~~~~~~~~~~
compilation terminated.
configure:4970: $? = 1
configure: failed program was:
| /* confdefs.h */
| #define PACKAGE_NAME ""
| #define PACKAGE_TARNAME ""
| #define PACKAGE_VERSION ""
| #define PACKAGE_STRING ""
| #define PACKAGE_BUGREPORT ""
| #define PACKAGE_URL ""
| #define PACKAGE "libcppsim"
| #define VERSION "0.2.5"
| #define STDC_HEADERS 1
| #define HAVE_SYS_TYPES_H 1
| #define HAVE_SYS_STAT_H 1
| #define HAVE_STDLIB_H 1
| #define HAVE_STRING_H 1
| #define HAVE_MEMORY_H 1
| #define HAVE_STRINGS_H 1
| #define HAVE_INTTYPES_H 1
| #define HAVE_STDINT_H 1
| #define HAVE_UNISTD_H 1
| #define HAVE_UNISTD_H 1
| #define HAVE_ASSERT_H 1
| #define HAVE_SWAPCONTEXT 1
| #define HAVE_SETCONTEXT 1
| #define HAVE_MAKECONTEXT 1
| #define COROUTINE_METHOD mcsc
| /* end confdefs.h.  */
| #include <ac_nonexistent.h>
configure:4995: result: g++ -E
configure:5015: g++ -E -std=c++11 conftest.cpp
configure:5015: $? = 0
configure:5029: g++ -E -std=c++11 conftest.cpp
conftest.cpp:27:10: fatal error: ac_nonexistent.h: No such file or directory
   27 | #include <ac_nonexistent.h>
      |          ^~~~~~~~~~~~~~~~~~
compilation terminated.
configure:5029: $? = 1
configure: failed program was:
| /* confdefs.h */
| #define PACKAGE_NAME ""
| #define PACKAGE_TARNAME ""
| #define PACKAGE_VERSION ""
| #define PACKAGE_STRING ""
| #define PACKAGE_BUGREPORT ""
| #define PACKAGE_URL ""
| #define PACKAGE "libcppsim"
| #define VERSION "0.2.5"
| #define STDC_HEADERS 1
| #define HAVE_SYS_TYPES_H 1
| #define HAVE_SYS_STAT_H 1
| #define HAVE_STDLIB_H 1
| #define HAVE_STRING_H 1
| #define HAVE_MEMORY_H 1
| #define HAVE_STRINGS_H 1
| #define HAVE_INTTYPES_H 1
| #define HAVE_STDINT_H 1
| #define HAVE_UNISTD_H 1
| #define HAVE_UNISTD_H 1
| #define HAVE_ASSERT_H 1
| #define HAVE_SWAPCONTEXT 1
| #define HAVE_SETCONTEXT 1
| #define HAVE_MAKECONTEXT 1
| #define COROUTINE_METHOD mcsc
| /* end confdefs.h.  */
| #include <ac_nonexistent.h>
configure:5061: checking list usability
configure:5061: g++ -c -g -O2 -std=c++11 conftest.cpp >&5
configure:5061: $? = 0
configure:5061: result: yes
configure:5061: checking list presence
configure:5061: g++ -E -std=c++11 conftest.cpp
configure:5061: $? = 0
configure:5061: result: yes
configure:5061: checking for list
configure:5061: result: yes
configure:5061: checking string usability
configure:5061: g++ -c -g -O2 -std=c++11 conftest.cpp >&5
configure:5061: $? = 0
configure:5061: result: yes
configure:5061: checking string presence
configure:5061: g++ -E -std=c++11 conftest.cpp
configure:5061: $? = 0
configure:5061: result: yes
configure:5061: checking for string
configure:5061: result: yes
configure:5061: checking map usability
configure:5061: g++ -c -g -O2 -std=c++11 conftest.cpp >&5
configure:5061: $? = 0
configure:5061: result: yes
configure:5061: checking map presence
configure:5061: g++ -E -std=c++11 conftest.cpp
configure:5061: $? = 0
configure:5061: result: yes
configure:5061: checking for map
configure:5061: result: yes
configure:5061: checking vector usability
configure:5061: g++ -c -g -O2 -std=c++11 conftest.cpp >&5
configure:5061: $? = 0
configure:5061: result: yes
configure:5061: checking vector presence
configure:5061: g++ -E -std=c++11 conftest.cpp
configure:5061: $? = 0
configure:5061: result: yes
configure:5061: checking for vector
configure:5061: result: yes
configure:5061: checking algorithm usability
configure:5061: g++ -c -g -O2 -std=c++11 conftest.cpp >&5
configure:5061: $? = 0
configure:5061: result: yes
configure:5061: checking algorithm presence
configure:5061: g++ -E -std=c++11 conftest.cpp
configure:5061: $? = 0
configure:5061: result: yes
configure:5061: checking for algorithm
configure:5061: result: yes
configure:5077: checking sstream usability
configure:5077: g++ -c -g -O2 -std=c++11 conftest.cpp >&5
configure:5077: $? = 0
configure:5077: result: yes
configure:5077: checking sstream presence
configure:5077: g++ -E -std=c++11 conftest.cpp
configure:5077: $? = 0
configure:5077: result: yes
configure:5077: checking for sstream
configure:5077: result: yes
configure:5077: checking strstream usability
configure:5077: g++ -c -g -O2 -std=c++11 conftest.cpp >&5
In file included from /usr/include/c++/9/backward/strstream:50,
                 from conftest.cpp:66:
/usr/include/c++/9/backward/backward_warning.h:32:2: warning: #warning This file includes at least one deprecated or antiquated header which may be removed without further notice at a future date. Please use a non-deprecated interface with equivalent functionality instead. For a listing of replacement headers and interfaces, consult the file backward_warning.h. To disable this warning use -Wno-deprecated. [-Wcpp]
   32 | #warning \
      |  ^~~~~~~
configure:5077: $? = 0
configure:5077: result: yes
configure:5077: checking strstream presence
configure:5077: g++ -E -std=c++11 conftest.cpp
In file included from /usr/include/c++/9/backward/strstream:50,
                 from conftest.cpp:33:
/usr/include/c++/9/backward/backward_warning.h:32:2: warning: #warning This file includes at least one deprecated or antiquated header which may be removed without further notice at a future date. Please use a non-deprecated interface with equivalent functionality instead. For a listing of replacement headers and interfaces, consult the file backward_warning.h. To disable this warning use -Wno-deprecated. [-Wcpp]
   32 | #warning \
      |  ^~~~~~~
configure:5077: $? = 0
configure:5077: result: yes
configure:5077: checking for strstream
configure:5077: result: yes
configure:5077: checking cstdio usability
configure:5077: g++ -c -g -O2 -std=c++11 conftest.cpp >&5
configure:5077: $? = 0
configure:5077: result: yes
configure:5077: checking cstdio presence
configure:5077: g++ -E -std=c++11 conftest.cpp
configure:5077: $? = 0
configure:5077: result: yes
configure:5077: checking for cstdio
configure:5077: result: yes
configure:5077: checking cstring usability
configure:5077: g++ -c -g -O2 -std=c++11 conftest.cpp >&5
configure:5077: $? = 0
configure:5077: result: yes
configure:5077: checking cstring presence
configure:5077: g++ -E -std=c++11 conftest.cpp
configure:5077: $? = 0
configure:5077: result: yes
configure:5077: checking for cstring
configure:5077: result: yes
configure:5205: creating ./config.status

## ---------------------- ##
## Running config.status. ##
## ---------------------- ##

This file was extended by config.status, which was
generated by GNU Autoconf 2.65.  Invocation command line was

  CONFIG_FILES    = 
  CONFIG_HEADERS  = 
  CONFIG_LINKS    = 
  CONFIG_COMMANDS = 
  $ ./config.status 

on casa

config.status:872: creating test/Makefile
config.status:872: creating src/Makefile
config.status:872: creating doc/Makefile
config.status:872: creating Makefile
config.status:872: creating config.h
config.status:1044: config.h is unchanged
config.status:1092: executing depfiles commands

## ---------------- ##
## Cache variables. ##
## ---------------- ##

ac_cv_c_compiler_gnu=yes
ac_cv_c_const=yes
ac_cv_c_inline=inline
ac_cv_cxx_compiler_gnu=yes
ac_cv_env_CCC_set=
ac_cv_env_CCC_value=
ac_cv_env_CC_set=
ac_cv_env_CC_value=
ac_cv_env_CFLAGS_set=
ac_cv_env_CFLAGS_value=
ac_cv_env_CPPFLAGS_set=set
ac_cv_env_CPPFLAGS_value=-std=c++11
ac_cv_env_CPP_set=
ac_cv_env_CPP_value=
ac_cv_env_CXXCPP_set=
ac_cv_env_CXXCPP_value=
ac_cv_env_CXXFLAGS_set=
ac_cv_env_CXXFLAGS_value=
ac_cv_env_CXX_set=
ac_cv_env_CXX_value=
ac_cv_env_LDFLAGS_set=
ac_cv_env_LDFLAGS_value=
ac_cv_env_LIBS_set=
ac_cv_env_LIBS_value=
ac_cv_env_build_alias_set=
ac_cv_env_build_alias_value=
ac_cv_env_host_alias_set=
ac_cv_env_host_alias_value=
ac_cv_env_target_alias_set=
ac_cv_env_target_alias_value=
ac_cv_func_makecontext=yes
ac_cv_func_setcontext=yes
ac_cv_func_swapcontext=yes
ac_cv_header_algorithm=yes
ac_cv_header_assert_h=yes
ac_cv_header_cstdio=yes
ac_cv_header_cstring=yes
ac_cv_header_inttypes_h=yes
ac_cv_header_list=yes
ac_cv_header_map=yes
ac_cv_header_memory_h=yes
ac_cv_header_sstream=yes
ac_cv_header_stdc=yes
ac_cv_header_stdint_h=yes
ac_cv_header_stdlib_h=yes
ac_cv_header_string=yes
ac_cv_header_string_h=yes
ac_cv_header_strings_h=yes
ac_cv_header_strstream=yes
ac_cv_header_sys_stat_h=yes
ac_cv_header_sys_types_h=yes
ac_cv_header_unistd_h=yes
ac_cv_header_vector=yes
ac_cv_objext=o
ac_cv_path_EGREP='/usr/bin/grep -E'
ac_cv_path_GREP=/usr/bin/grep
ac_cv_path_install='/usr/bin/install -c'
ac_cv_path_mkdir=/usr/bin/mkdir
ac_cv_prog_AWK=gawk
ac_cv_prog_CPP='gcc -E'
ac_cv_prog_CXXCPP='g++ -E'
ac_cv_prog_ac_ct_CC=gcc
ac_cv_prog_ac_ct_CXX=g++
ac_cv_prog_ac_ct_RANLIB=ranlib
ac_cv_prog_cc_c89=
ac_cv_prog_cc_g=yes
ac_cv_prog_cxx_g=yes
ac_cv_prog_make_make_set=yes
ac_cv_type_size_t=yes
am_cv_CC_dependencies_compiler_type=gcc3
am_cv_CXX_dependencies_compiler_type=gcc3

## ----------------- ##
## Output variables. ##
## ----------------- ##

ACLOCAL='${SHELL} "/home/bastian/simstream-main/libccpsim 0.2.5/missing" --run aclocal-1.11'
AMDEPBACKSLASH='\'
AMDEP_FALSE='#'
AMDEP_TRUE=''
AMTAR='${SHELL} "/home/bastian/simstream-main/libccpsim 0.2.5/missing" --run tar'
AUTOCONF='${SHELL} "/home/bastian/simstream-main/libccpsim 0.2.5/missing" --run autoconf'
AUTOHEADER='${SHELL} "/home/bastian/simstream-main/libccpsim 0.2.5/missing" --run autoheader'
AUTOMAKE='${SHELL} "/home/bastian/simstream-main/libccpsim 0.2.5/missing" --run automake-1.11'
AWK='gawk'
CC='gcc'
CCDEPMODE='depmode=gcc3'
CFLAGS='-g -O2'
CPP='gcc -E'
CPPFLAGS='-std=c++11'
CXX='g++'
CXXCPP='g++ -E'
CXXDEPMODE='depmode=gcc3'
CXXFLAGS='-g -O2'
CYGPATH_W='echo'
DEFS='-DHAVE_CONFIG_H'
DEPDIR='.deps'
ECHO_C=''
ECHO_N='-n'
ECHO_T=''
EGREP='/usr/bin/grep -E'
EXEEXT=''
GREP='/usr/bin/grep'
INSTALL_DATA='${INSTALL} -m 644'
INSTALL_PROGRAM='${INSTALL}'
INSTALL_SCRIPT='${INSTALL}'
INSTALL_STRIP_PROGRAM='$(install_sh) -c -s'
LDFLAGS=''
LIBOBJS=''
LIBS=''
LTLIBOBJS=''
MAKEINFO='${SHELL} "/home/bastian/simstream-main/libccpsim 0.2.5/missing" --run makeinfo'
MKDIR_P='/usr/bin/mkdir -p'
OBJEXT='o'
PACKAGE='libcppsim'
PACKAGE_BUGREPORT=''
PACKAGE_NAME=''
PACKAGE_STRING=''
PACKAGE_TARNAME=''
PACKAGE_URL=''
PACKAGE_VERSION=''
PATH_SEPARATOR=':'
RANLIB='ranlib'
SET_MAKE=''
SHELL='/bin/bash'
STRIP=''
VERSION='0.2.5'
ac_ct_CC='gcc'
ac_ct_CXX='g++'
am__EXEEXT_FALSE=''
am__EXEEXT_TRUE='#'
am__fastdepCC_FALSE='#'
am__fastdepCC_TRUE=''
am__fastdepCXX_FALSE='#'
am__fastdepCXX_TRUE=''
am__include='include'
am__isrc=''
am__leading_dot='.'
am__quote=''
am__tar='${AMTAR} chof - "$$tardir"'
am__untar='${AMTAR} xf -'
bindir='${exec_prefix}/bin'
build_alias=''
datadir='${datarootdir}'
datarootdir='${prefix}/share'
docdir='${datarootdir}/doc/${PACKAGE}'
dvidir='${docdir}'
exec_prefix='${prefix}'
host_alias=''
htmldir='${docdir}'
includedir='${prefix}/include'
infodir='${datarootdir}/info'
install_sh='${SHELL} '\''/home/bastian/simstream-main/libccpsim 0.2.5/install-sh'\'''
libdir='${exec_prefix}/lib'
libexecdir='${exec_prefix}/libexec'
localedir='${datarootdir}/locale'
localstatedir='${prefix}/var'
mandir='${datarootdir}/man'
mkdir_p='/usr/bin/mkdir -p'
oldincludedir='/usr/include'
pdfdir='${docdir}'
prefix='/usr/local'
program_transform_name='s,x,x,'
psdir='${docdir}'
sbindir='${exec_prefix}/sbin'
sharedstatedir='${prefix}/com'
sysconfdir='${prefix}/etc'
target_alias=''

## ----------- ##
## confdefs.h. ##
## ----------- ##

/* confdefs.h */
#define PACKAGE_NAME ""
#define PACKAGE_TARNAME ""
#define PACKAGE_VERSION ""
#define PACKAGE_STRING ""
#define PACKAGE_BUGREPORT ""
#define PACKAGE_URL ""
#define PACKAGE "libcppsim"
#define VERSION "0.2.5"
#define STDC_HEADERS 1
#define HAVE_SYS_TYPES_H 1
#define HAVE_SYS_STAT_H 1
#define HAVE_STDLIB_H 1
#define HAVE_STRING_H 1
#define HAVE_MEMORY_H 1
#define HAVE_STRINGS_H 1
#define HAVE_INTTYPES_H 1
#define HAVE_STDINT_H 1
#define HAVE_UNISTD_H 1
#define HAVE_UNISTD_H 1
#define HAVE_ASSERT_H 1
#define HAVE_SWAPCONTEXT 1
#define HAVE_SETCONTEXT 1
#define HAVE_MAKECONTEXT 1
#define COROUTINE_METHOD mcsc
#define HAVE_LIST 1
#define HAVE_STRING 1
#define HAVE_MAP 1
#define HAVE_VECTOR 1
#define HAVE_ALGORITHM 1
#define HAVE_SSTREAM 1
#define HAVE_STRSTREAM 1
#define HAVE_CSTDIO 1
#define HAVE_CSTRING 1

configure: exit 0
